<?xml version="1.0" encoding="UTF-8"?>
<!-- Generated by org.testng.reporters.JUnitReportReporter -->
<testsuite hostname="DESKTOP-ERE5TM4" failures="0" tests="1" name="MyTestCases" time="1.260" errors="0" timestamp="2024-03-17T00:28:41 EET" skipped="0">
  <testcase classname="MyTestCases" name="CheckTheWebsiteTitle" time="1.260"/>
  <system-out/>
</testsuite> <!-- MyTestCases -->
